SF:lib\gps.dart
DA:10,6
DA:11,4
DA:12,2
DA:14,2
DA:15,2
DA:17,0
DA:18,2
DA:20,0
DA:21,2
DA:23,0
DA:24,0
DA:41,1
DA:42,1
DA:43,1
DA:44,2
DA:48,1
DA:50,1
DA:52,1
DA:54,1
DA:55,1
DA:56,0
DA:57,0
DA:58,0
DA:61,1
DA:62,1
DA:65,0
DA:66,0
DA:69,0
DA:74,0
DA:75,0
DA:76,0
DA:77,0
DA:78,0
DA:82,0
DA:83,0
DA:84,0
DA:90,2
DA:91,2
DA:92,2
DA:93,2
DA:97,0
DA:98,0
DA:101,0
DA:102,0
DA:104,0
DA:105,0
DA:107,0
DA:110,0
DA:111,0
DA:112,0
DA:114,0
DA:119,0
DA:120,0
DA:122,0
DA:125,0
DA:132,8
DA:134,2
DA:135,2
DA:142,2
DA:144,4
DA:145,2
DA:148,1
DA:149,2
DA:150,1
DA:151,1
DA:154,2
DA:155,0
DA:156,0
DA:160,2
DA:161,2
DA:162,1
DA:167,0
DA:168,0
DA:169,0
DA:170,0
DA:171,0
DA:175,2
DA:177,4
DA:178,4
DA:180,2
DA:181,2
DA:184,2
DA:185,2
DA:187,2
DA:188,4
DA:189,4
DA:190,6
DA:192,2
DA:193,0
DA:194,0
DA:197,2
DA:198,2
LF:92
LH:50
end_of_record
SF:lib\session.dart
DA:6,6
DA:7,4
DA:8,2
DA:16,2
DA:17,2
DA:19,1
DA:24,1
DA:25,1
DA:26,1
DA:27,1
DA:31,4
DA:34,2
DA:35,2
DA:38,1
DA:39,2
DA:41,1
DA:42,5
DA:43,1
DA:46,2
DA:47,0
DA:48,0
DA:53,1
DA:54,3
DA:56,4
DA:58,1
DA:60,2
DA:62,2
DA:64,0
DA:65,0
DA:66,0
DA:67,0
DA:69,0
DA:72,4
DA:75,0
DA:80,1
DA:81,2
LF:36
LH:28
end_of_record
SF:lib\config.dart
DA:8,8
DA:9,2
DA:10,2
DA:14,2
DA:16,6
DA:18,2
DA:19,2
DA:20,2
DA:21,2
DA:23,2
DA:27,1
DA:28,2
DA:29,2
DA:35,2
DA:38,1
DA:39,2
DA:40,1
DA:42,2
DA:44,1
DA:45,1
DA:46,1
DA:47,0
DA:57,2
DA:60,1
DA:61,1
DA:63,2
DA:68,2
DA:71,1
DA:72,1
DA:74,1
DA:75,1
DA:78,1
DA:79,1
DA:80,3
DA:83,1
DA:84,0
DA:91,1
DA:92,0
DA:93,0
DA:94,0
DA:95,0
DA:96,0
DA:109,8
DA:111,2
DA:112,2
DA:113,2
DA:116,12
LF:47
LH:40
end_of_record
SF:lib\login.dart
DA:11,10
DA:12,3
DA:13,3
DA:31,1
DA:32,3
DA:33,3
DA:34,3
DA:37,1
DA:38,2
DA:43,1
DA:44,2
DA:49,1
DA:50,0
DA:56,1
DA:58,0
DA:65,2
DA:66,1
DA:67,2
DA:73,1
DA:75,2
DA:77,2
DA:78,0
DA:79,0
DA:82,0
DA:89,0
DA:94,0
DA:96,0
DA:101,0
DA:103,0
DA:105,0
DA:109,2
DA:110,4
DA:114,0
DA:115,0
DA:120,3
DA:122,3
DA:123,3
DA:124,3
DA:126,3
DA:128,3
DA:130,3
DA:131,3
DA:140,3
DA:141,3
DA:151,3
DA:152,3
DA:162,3
DA:165,0
DA:167,0
DA:168,0
DA:175,3
DA:176,3
LF:52
LH:36
end_of_record
SF:lib\notifications.dart
DA:10,0
DA:12,0
DA:14,0
DA:27,0
DA:28,0
DA:29,0
DA:30,0
DA:32,0
DA:33,0
DA:34,0
DA:38,0
DA:39,0
DA:40,0
DA:41,0
DA:45,0
DA:54,0
DA:58,0
DA:59,0
DA:60,0
DA:61,0
DA:64,0
DA:65,0
DA:67,0
DA:69,0
DA:70,0
DA:71,0
DA:72,0
DA:73,0
DA:74,0
DA:78,0
DA:79,0
DA:80,0
DA:84,0
DA:88,0
DA:89,0
DA:90,0
DA:91,0
DA:92,0
DA:93,0
DA:94,0
DA:95,0
DA:99,0
DA:100,0
DA:101,0
DA:102,0
DA:103,0
DA:105,0
DA:107,0
DA:110,0
DA:114,0
DA:119,0
DA:123,0
DA:134,0
DA:143,0
DA:145,0
DA:146,0
DA:147,0
DA:149,0
DA:151,0
DA:155,0
DA:157,0
DA:163,0
DA:164,0
DA:165,0
DA:166,0
DA:167,0
DA:168,0
DA:170,0
DA:172,0
DA:173,0
DA:174,0
DA:179,0
DA:181,0
DA:182,0
DA:183,0
DA:184,0
DA:185,0
DA:186,0
DA:187,0
DA:188,0
DA:189,0
DA:190,0
DA:194,0
DA:195,0
DA:196,0
DA:197,0
DA:198,0
DA:199,0
DA:206,0
DA:208,0
DA:209,0
DA:210,0
DA:215,0
DA:216,0
DA:217,0
DA:219,0
LF:96
LH:0
end_of_record
SF:lib\lobby.dart
DA:4,9
DA:6,1
DA:7,1
DA:14,1
DA:16,1
DA:17,1
DA:18,1
DA:20,1
DA:22,1
DA:24,1
DA:26,3
DA:32,1
DA:33,1
DA:35,1
DA:36,1
DA:48,1
DA:51,1
DA:52,1
DA:56,1
DA:59,1
DA:60,1
DA:61,1
DA:63,2
DA:67,1
DA:70,1
DA:71,1
LF:26
LH:26
end_of_record
SF:lib\main.dart
DA:8,0
DA:9,0
DA:10,0
DA:11,0
DA:12,0
DA:16,4
DA:17,2
DA:18,2
DA:22,2
DA:24,2
DA:25,6
DA:27,1
DA:29,3
DA:30,1
DA:33,1
DA:34,2
DA:36,2
DA:38,2
DA:40,2
DA:41,2
DA:42,4
DA:43,2
LF:22
LH:17
end_of_record
